<?xml version="1.0" encoding="UTF-8"?>
<!-- Generated by org.testng.reporters.JUnitReportReporter -->
<testsuite skipped="0" hostname="host-156.193.73.14-static.tedata.net" name="LibraryTest" tests="1" failures="0" timestamp="02 Apr 2018 19:05:28 GMT" time="65.389" errors="0">
  <testcase name="test" time="65.389" classname="LibraryTest"/>
</testsuite> <!-- LibraryTest -->
